<?xml version="1.0" encoding="UTF-8"?>
<testsuite name="com.example.rqchallenge.employees.controllerimpl.IEmployeeControllerImplTest" tests="7" skipped="0" failures="0" errors="0" timestamp="2024-09-08T18:01:20" hostname="MacBook-Pro.local" time="0.306">
  <properties/>
  <testcase name="testGetTopTenHighestEarningEmployeeNames()" classname="com.example.rqchallenge.employees.controllerimpl.IEmployeeControllerImplTest" time="0.162"/>
  <testcase name="testGetHighestSalaryOfEmployees()" classname="com.example.rqchallenge.employees.controllerimpl.IEmployeeControllerImplTest" time="0.015"/>
  <testcase name="testGetEmployeeById()" classname="com.example.rqchallenge.employees.controllerimpl.IEmployeeControllerImplTest" time="0.072"/>
  <testcase name="testCreateEmployee()" classname="com.example.rqchallenge.employees.controllerimpl.IEmployeeControllerImplTest" time="0.01"/>
  <testcase name="testGetAllEmployees()" classname="com.example.rqchallenge.employees.controllerimpl.IEmployeeControllerImplTest" time="0.014"/>
  <testcase name="deleteEmployeeById()" classname="com.example.rqchallenge.employees.controllerimpl.IEmployeeControllerImplTest" time="0.01"/>
  <testcase name="testGetEmployeesByNameSearch()" classname="com.example.rqchallenge.employees.controllerimpl.IEmployeeControllerImplTest" time="0.01"/>
  <system-out><![CDATA[23:31:17.852 [Test worker] DEBUG org.springframework.test.context.BootstrapUtils - Instantiating CacheAwareContextLoaderDelegate from class [org.springframework.test.context.cache.DefaultCacheAwareContextLoaderDelegate]
23:31:17.870 [Test worker] DEBUG org.springframework.test.context.BootstrapUtils - Instantiating BootstrapContext using constructor [public org.springframework.test.context.support.DefaultBootstrapContext(java.lang.Class,org.springframework.test.context.CacheAwareContextLoaderDelegate)]
23:31:17.946 [Test worker] DEBUG org.springframework.test.context.BootstrapUtils - Instantiating TestContextBootstrapper for test class [com.example.rqchallenge.employees.controllerimpl.IEmployeeControllerImplTest] from class [org.springframework.boot.test.autoconfigure.web.servlet.WebMvcTestContextBootstrapper]
23:31:17.970 [Test worker] INFO org.springframework.boot.test.autoconfigure.web.servlet.WebMvcTestContextBootstrapper - Neither @ContextConfiguration nor @ContextHierarchy found for test class [com.example.rqchallenge.employees.controllerimpl.IEmployeeControllerImplTest], using SpringBootContextLoader
23:31:17.980 [Test worker] DEBUG org.springframework.test.context.support.AbstractContextLoader - Did not detect default resource location for test class [com.example.rqchallenge.employees.controllerimpl.IEmployeeControllerImplTest]: class path resource [com/example/rqchallenge/employees/controllerimpl/IEmployeeControllerImplTest-context.xml] does not exist
23:31:17.981 [Test worker] DEBUG org.springframework.test.context.support.AbstractContextLoader - Did not detect default resource location for test class [com.example.rqchallenge.employees.controllerimpl.IEmployeeControllerImplTest]: class path resource [com/example/rqchallenge/employees/controllerimpl/IEmployeeControllerImplTestContext.groovy] does not exist
23:31:17.981 [Test worker] INFO org.springframework.test.context.support.AbstractContextLoader - Could not detect default resource locations for test class [com.example.rqchallenge.employees.controllerimpl.IEmployeeControllerImplTest]: no resource found for suffixes {-context.xml, Context.groovy}.
23:31:17.982 [Test worker] INFO org.springframework.test.context.support.AnnotationConfigContextLoaderUtils - Could not detect default configuration classes for test class [com.example.rqchallenge.employees.controllerimpl.IEmployeeControllerImplTest]: IEmployeeControllerImplTest does not declare any static, non-private, non-final, nested classes annotated with @Configuration.
23:31:18.103 [Test worker] DEBUG org.springframework.test.context.support.ActiveProfilesUtils - Could not find an 'annotation declaring class' for annotation type [org.springframework.test.context.ActiveProfiles] and class [com.example.rqchallenge.employees.controllerimpl.IEmployeeControllerImplTest]
23:31:18.200 [Test worker] DEBUG org.springframework.context.annotation.ClassPathScanningCandidateComponentProvider - Identified candidate component class: file [/Users/mradulmishra/Desktop/Projects/reliaquest/java-employee-challenge/build/classes/java/main/com/example/rqchallenge/RqChallengeApplication.class]
23:31:18.201 [Test worker] INFO org.springframework.boot.test.context.SpringBootTestContextBootstrapper - Found @SpringBootConfiguration com.example.rqchallenge.RqChallengeApplication for test class com.example.rqchallenge.employees.controllerimpl.IEmployeeControllerImplTest
23:31:18.204 [Test worker] DEBUG org.springframework.boot.test.autoconfigure.web.servlet.WebMvcTestContextBootstrapper - @TestExecutionListeners is not present for class [com.example.rqchallenge.employees.controllerimpl.IEmployeeControllerImplTest]: using defaults.
23:31:18.205 [Test worker] INFO org.springframework.boot.test.autoconfigure.web.servlet.WebMvcTestContextBootstrapper - Loaded default TestExecutionListener class names from location [META-INF/spring.factories]: [org.springframework.boot.test.autoconfigure.restdocs.RestDocsTestExecutionListener, org.springframework.boot.test.autoconfigure.web.client.MockRestServiceServerResetTestExecutionListener, org.springframework.boot.test.autoconfigure.web.servlet.MockMvcPrintOnlyOnFailureTestExecutionListener, org.springframework.boot.test.autoconfigure.web.servlet.WebDriverTestExecutionListener, org.springframework.boot.test.autoconfigure.webservices.client.MockWebServiceServerTestExecutionListener, org.springframework.boot.test.mock.mockito.MockitoTestExecutionListener, org.springframework.boot.test.mock.mockito.ResetMocksTestExecutionListener, org.springframework.test.context.web.ServletTestExecutionListener, org.springframework.test.context.support.DirtiesContextBeforeModesTestExecutionListener, org.springframework.test.context.event.ApplicationEventsTestExecutionListener, org.springframework.test.context.support.DependencyInjectionTestExecutionListener, org.springframework.test.context.support.DirtiesContextTestExecutionListener, org.springframework.test.context.transaction.TransactionalTestExecutionListener, org.springframework.test.context.jdbc.SqlScriptsTestExecutionListener, org.springframework.test.context.event.EventPublishingTestExecutionListener]
23:31:18.220 [Test worker] DEBUG org.springframework.boot.test.autoconfigure.web.servlet.WebMvcTestContextBootstrapper - Skipping candidate TestExecutionListener [org.springframework.test.context.transaction.TransactionalTestExecutionListener] due to a missing dependency. Specify custom listener classes or make the default listener classes and their required dependencies available. Offending class: [org/springframework/transaction/interceptor/TransactionAttributeSource]
23:31:18.221 [Test worker] DEBUG org.springframework.boot.test.autoconfigure.web.servlet.WebMvcTestContextBootstrapper - Skipping candidate TestExecutionListener [org.springframework.test.context.jdbc.SqlScriptsTestExecutionListener] due to a missing dependency. Specify custom listener classes or make the default listener classes and their required dependencies available. Offending class: [org/springframework/transaction/interceptor/TransactionAttribute]
23:31:18.221 [Test worker] INFO org.springframework.boot.test.autoconfigure.web.servlet.WebMvcTestContextBootstrapper - Using TestExecutionListeners: [org.springframework.test.context.web.ServletTestExecutionListener@14b030a0, org.springframework.test.context.support.DirtiesContextBeforeModesTestExecutionListener@41e350f1, org.springframework.test.context.event.ApplicationEventsTestExecutionListener@422c3c7a, org.springframework.boot.test.mock.mockito.MockitoTestExecutionListener@18230356, org.springframework.boot.test.autoconfigure.SpringBootDependencyInjectionTestExecutionListener@d8305c2, org.springframework.test.context.support.DirtiesContextTestExecutionListener@56bca85b, org.springframework.test.context.event.EventPublishingTestExecutionListener@75d0911a, org.springframework.boot.test.autoconfigure.restdocs.RestDocsTestExecutionListener@75e91545, org.springframework.boot.test.autoconfigure.web.client.MockRestServiceServerResetTestExecutionListener@60d1a32f, org.springframework.boot.test.autoconfigure.web.servlet.MockMvcPrintOnlyOnFailureTestExecutionListener@531c311e, org.springframework.boot.test.autoconfigure.web.servlet.WebDriverTestExecutionListener@22b53226, org.springframework.boot.test.autoconfigure.webservices.client.MockWebServiceServerTestExecutionListener@1fcb4808, org.springframework.boot.test.mock.mockito.ResetMocksTestExecutionListener@726e5805]
23:31:18.225 [Test worker] DEBUG org.springframework.test.context.support.AbstractDirtiesContextTestExecutionListener - Before test class: context [DefaultTestContext@37b70343 testClass = IEmployeeControllerImplTest, testInstance = [null], testMethod = [null], testException = [null], mergedContextConfiguration = [WebMergedContextConfiguration@306851c7 testClass = IEmployeeControllerImplTest, locations = '{}', classes = '{class com.example.rqchallenge.RqChallengeApplication}', contextInitializerClasses = '[]', activeProfiles = '{}', propertySourceLocations = '{}', propertySourceProperties = '{org.springframework.boot.test.autoconfigure.web.servlet.WebMvcTestContextBootstrapper=true}', contextCustomizers = set[org.springframework.boot.test.autoconfigure.OverrideAutoConfigurationContextCustomizerFactory$DisableAutoConfigurationContextCustomizer@176b3f44, org.springframework.boot.test.autoconfigure.actuate.metrics.MetricsExportContextCustomizerFactory$DisableMetricExportContextCustomizer@66ac5762, org.springframework.boot.test.autoconfigure.filter.TypeExcludeFiltersContextCustomizer@4114f738, org.springframework.boot.test.autoconfigure.properties.PropertyMappingContextCustomizer@2127df3d, org.springframework.boot.test.autoconfigure.web.servlet.WebDriverContextCustomizerFactory$Customizer@2d6764b2, [ImportsContextCustomizer@12bcd0c0 key = [org.springframework.boot.autoconfigure.cache.CacheAutoConfiguration, org.springframework.boot.autoconfigure.context.MessageSourceAutoConfiguration, org.springframework.boot.autoconfigure.data.web.SpringDataWebAutoConfiguration, org.springframework.boot.autoconfigure.freemarker.FreeMarkerAutoConfiguration, org.springframework.boot.autoconfigure.groovy.template.GroovyTemplateAutoConfiguration, org.springframework.boot.autoconfigure.gson.GsonAutoConfiguration, org.springframework.boot.autoconfigure.hateoas.HypermediaAutoConfiguration, org.springframework.boot.autoconfigure.http.HttpMessageConvertersAutoConfiguration, org.springframework.boot.autoconfigure.jackson.JacksonAutoConfiguration, org.springframework.boot.autoconfigure.jsonb.JsonbAutoConfiguration, org.springframework.boot.autoconfigure.mustache.MustacheAutoConfiguration, org.springframework.boot.autoconfigure.task.TaskExecutionAutoConfiguration, org.springframework.boot.autoconfigure.thymeleaf.ThymeleafAutoConfiguration, org.springframework.boot.autoconfigure.validation.ValidationAutoConfiguration, org.springframework.boot.autoconfigure.web.servlet.error.ErrorMvcAutoConfiguration, org.springframework.boot.autoconfigure.web.servlet.HttpEncodingAutoConfiguration, org.springframework.boot.autoconfigure.web.servlet.WebMvcAutoConfiguration, org.springframework.boot.test.autoconfigure.web.servlet.MockMvcAutoConfiguration, org.springframework.boot.test.autoconfigure.web.servlet.MockMvcWebClientAutoConfiguration, org.springframework.boot.test.autoconfigure.web.servlet.MockMvcWebDriverAutoConfiguration, org.springframework.boot.autoconfigure.security.oauth2.client.servlet.OAuth2ClientAutoConfiguration, org.springframework.boot.autoconfigure.security.oauth2.resource.servlet.OAuth2ResourceServerAutoConfiguration, org.springframework.boot.autoconfigure.security.servlet.SecurityAutoConfiguration, org.springframework.boot.autoconfigure.security.servlet.SecurityFilterAutoConfiguration, org.springframework.boot.autoconfigure.security.servlet.UserDetailsServiceAutoConfiguration, org.springframework.boot.test.autoconfigure.web.servlet.MockMvcSecurityConfiguration, org.springframework.boot.test.autoconfigure.web.reactive.WebTestClientAutoConfiguration]], org.springframework.boot.test.context.filter.ExcludeFilterContextCustomizer@40844aab, org.springframework.boot.test.json.DuplicateJsonObjectContextCustomizerFactory$DuplicateJsonObjectContextCustomizer@66746f57, org.springframework.boot.test.mock.mockito.MockitoContextCustomizer@b7d50ba5, org.springframework.boot.test.context.SpringBootTestArgs@1, org.springframework.boot.test.context.SpringBootTestWebEnvironment@0], resourceBasePath = 'src/main/webapp', contextLoader = 'org.springframework.boot.test.context.SpringBootContextLoader', parent = [null]], attributes = map[[empty]]], class annotated with @DirtiesContext [false] with mode [null].
23:31:18.299 [Test worker] DEBUG org.springframework.boot.ApplicationServletEnvironment - Activating profiles []
23:31:18.334 [Test worker] DEBUG org.springframework.test.context.support.TestPropertySourceUtils - Adding inlined properties to environment: {spring.jmx.enabled=false, org.springframework.boot.test.autoconfigure.web.servlet.WebMvcTestContextBootstrapper=true}

  .   ____          _            __ _ _
 /\\ / ___'_ __ _ _(_)_ __  __ _ \ \ \ \
( ( )\___ | '_ | '_| | '_ \/ _` | \ \ \ \
 \\/  ___)| |_)| | | | | || (_| |  ) ) ) )
  '  |____| .__|_| |_|_| |_\__, | / / / /
 =========|_|==============|___/=/_/_/_/
 :: Spring Boot ::                (v2.6.1)

2024-09-08 23:31:18.866  INFO 39802 --- [    Test worker] c.e.r.e.c.IEmployeeControllerImplTest    : Starting IEmployeeControllerImplTest using Java 17.0.3 on MacBook-Pro.local with PID 39802 (started by mradulmishra in /Users/mradulmishra/Desktop/Projects/reliaquest/java-employee-challenge)
2024-09-08 23:31:18.868  INFO 39802 --- [    Test worker] c.e.r.e.c.IEmployeeControllerImplTest    : No active profile set, falling back to default profiles: default
2024-09-08 23:31:20.835  INFO 39802 --- [    Test worker] o.s.b.t.m.w.SpringBootMockServletContext : Initializing Spring TestDispatcherServlet ''
2024-09-08 23:31:20.835  INFO 39802 --- [    Test worker] o.s.t.web.servlet.TestDispatcherServlet  : Initializing Servlet ''
2024-09-08 23:31:20.837  INFO 39802 --- [    Test worker] o.s.t.web.servlet.TestDispatcherServlet  : Completed initialization in 2 ms
2024-09-08 23:31:20.878  INFO 39802 --- [    Test worker] c.e.r.e.c.IEmployeeControllerImplTest    : Started IEmployeeControllerImplTest in 2.541 seconds (JVM running for 4.003)

MockHttpServletRequest:
      HTTP Method = GET
      Request URI = /topTenHighestEarningEmployeeNames
       Parameters = {}
          Headers = []
             Body = null
    Session Attrs = {}

Handler:
             Type = com.example.rqchallenge.employees.controllerimpl.IEmployeeControllerImpl
           Method = com.example.rqchallenge.employees.controllerimpl.IEmployeeControllerImpl#getTopTenHighestEarningEmployeeNames()

Async:
    Async started = false
     Async result = null

Resolved Exception:
             Type = null

ModelAndView:
        View name = null
             View = null
            Model = null

FlashMap:
       Attributes = null

MockHttpServletResponse:
           Status = 200
    Error message = null
          Headers = [Content-Type:"application/json"]
     Content type = application/json
             Body = ["Gurmeet Lala","Manpreet Singh","Gurmeet Lala"]
    Forwarded URL = null
   Redirected URL = null
          Cookies = []

MockHttpServletRequest:
      HTTP Method = GET
      Request URI = /highestSalary
       Parameters = {}
          Headers = []
             Body = null
    Session Attrs = {}

Handler:
             Type = com.example.rqchallenge.employees.controllerimpl.IEmployeeControllerImpl
           Method = com.example.rqchallenge.employees.controllerimpl.IEmployeeControllerImpl#getHighestSalaryOfEmployees()

Async:
    Async started = false
     Async result = null

Resolved Exception:
             Type = null

ModelAndView:
        View name = null
             View = null
            Model = null

FlashMap:
       Attributes = null

MockHttpServletResponse:
           Status = 200
    Error message = null
          Headers = [Content-Type:"application/json"]
     Content type = application/json
             Body = 90454
    Forwarded URL = null
   Redirected URL = null
          Cookies = []

MockHttpServletRequest:
      HTTP Method = GET
      Request URI = /2
       Parameters = {}
          Headers = []
             Body = null
    Session Attrs = {}

Handler:
             Type = com.example.rqchallenge.employees.controllerimpl.IEmployeeControllerImpl
           Method = com.example.rqchallenge.employees.controllerimpl.IEmployeeControllerImpl#getEmployeeById(String)

Async:
    Async started = false
     Async result = null

Resolved Exception:
             Type = null

ModelAndView:
        View name = null
             View = null
            Model = null

FlashMap:
       Attributes = null

MockHttpServletResponse:
           Status = 200
    Error message = null
          Headers = [Content-Type:"application/json"]
     Content type = application/json
             Body = {"id":1,"employee_name":"Manpreet Singh","employee_salary":78666,"employee_age":45,"profile_img":null}
    Forwarded URL = null
   Redirected URL = null
          Cookies = []

MockHttpServletRequest:
      HTTP Method = GET
      Request URI = /createEmployee
       Parameters = {}
          Headers = []
             Body = null
    Session Attrs = {}

Handler:
             Type = com.example.rqchallenge.employees.controllerimpl.IEmployeeControllerImpl
           Method = com.example.rqchallenge.employees.controllerimpl.IEmployeeControllerImpl#getEmployeeById(String)

Async:
    Async started = false
     Async result = null

Resolved Exception:
             Type = null

ModelAndView:
        View name = null
             View = null
            Model = null

FlashMap:
       Attributes = null

MockHttpServletResponse:
           Status = 200
    Error message = null
          Headers = []
     Content type = null
             Body = 
    Forwarded URL = null
   Redirected URL = null
          Cookies = []

MockHttpServletRequest:
      HTTP Method = GET
      Request URI = /
       Parameters = {}
          Headers = []
             Body = null
    Session Attrs = {}

Handler:
             Type = com.example.rqchallenge.employees.controllerimpl.IEmployeeControllerImpl
           Method = com.example.rqchallenge.employees.controllerimpl.IEmployeeControllerImpl#getAllEmployees()

Async:
    Async started = false
     Async result = null

Resolved Exception:
             Type = null

ModelAndView:
        View name = null
             View = null
            Model = null

FlashMap:
       Attributes = null

MockHttpServletResponse:
           Status = 200
    Error message = null
          Headers = [Content-Type:"application/json"]
     Content type = application/json
             Body = [{"id":1,"employee_name":"Manpreet Singh","employee_salary":78666,"employee_age":45,"profile_img":null},{"id":2,"employee_name":"Gurmeet Lala","employee_salary":45636,"employee_age":34,"profile_img":null},{"id":3,"employee_name":"Gurmeet Lala","employee_salary":90454,"employee_age":23,"profile_img":null}]
    Forwarded URL = null
   Redirected URL = null
          Cookies = []

MockHttpServletRequest:
      HTTP Method = GET
      Request URI = /createEmployee
       Parameters = {}
          Headers = []
             Body = null
    Session Attrs = {}

Handler:
             Type = com.example.rqchallenge.employees.controllerimpl.IEmployeeControllerImpl
           Method = com.example.rqchallenge.employees.controllerimpl.IEmployeeControllerImpl#getEmployeeById(String)

Async:
    Async started = false
     Async result = null

Resolved Exception:
             Type = null

ModelAndView:
        View name = null
             View = null
            Model = null

FlashMap:
       Attributes = null

MockHttpServletResponse:
           Status = 200
    Error message = null
          Headers = []
     Content type = null
             Body = 
    Forwarded URL = null
   Redirected URL = null
          Cookies = []

MockHttpServletRequest:
      HTTP Method = GET
      Request URI = /search/Gurmeet%20Lala
       Parameters = {}
          Headers = []
             Body = null
    Session Attrs = {}

Handler:
             Type = com.example.rqchallenge.employees.controllerimpl.IEmployeeControllerImpl
           Method = com.example.rqchallenge.employees.controllerimpl.IEmployeeControllerImpl#getEmployeesByNameSearch(String)

Async:
    Async started = false
     Async result = null

Resolved Exception:
             Type = null

ModelAndView:
        View name = null
             View = null
            Model = null

FlashMap:
       Attributes = null

MockHttpServletResponse:
           Status = 200
    Error message = null
          Headers = [Content-Type:"application/json"]
     Content type = application/json
             Body = [{"id":2,"employee_name":"Gurmeet Lala","employee_salary":45636,"employee_age":34,"profile_img":null},{"id":3,"employee_name":"Gurmeet Lala","employee_salary":90454,"employee_age":23,"profile_img":null}]
    Forwarded URL = null
   Redirected URL = null
          Cookies = []
]]></system-out>
  <system-err><![CDATA[[2024.09.08 23:31:18] (Coverage): Error during class instrumentation: org.springframework.boot.logging.log4j2.Log4J2LoggingSystem: java.lang.RuntimeException: java.io.IOException: Class org/apache/logging/log4j/core/config/composite/CompositeConfiguration not found
]]></system-err>
</testsuite>
